<?xml version="1.0" ?><testsuite name="me.sterus.lab3web.HitsBeanTests" time="0.234" timestamp="2024-05-02T19:40:44" tests="29" failures="0" skipped="0" aborted="0"><properties><property name="ant.library.dir" value="C:\apache-ant-1.10.14\lib"></property><property name="ant.file.type" value="file"></property><property name="java.specification.version" value="17"></property><property name="ant.project.name" value="lab3"></property><property name="sun.cpu.isalist" value="amd64"></property><property name="sun.jnu.encoding" value="Cp1251"></property><property name="java.class.path" value="C:\apache-ant-1.10.14\lib\ant-launcher.jar;C:\apache-ant-1.10.14\lib\ant-antlr.jar;C:\apache-ant-1.10.14\lib\ant-apache-bcel.jar;C:\apache-ant-1.10.14\lib\ant-apache-bsf.jar;C:\apache-ant-1.10.14\lib\ant-apache-log4j.jar;C:\apache-ant-1.10.14\lib\ant-apache-oro.jar;C:\apache-ant-1.10.14\lib\ant-apache-regexp.jar;C:\apache-ant-1.10.14\lib\ant-apache-resolver.jar;C:\apache-ant-1.10.14\lib\ant-apache-xalan2.jar;C:\apache-ant-1.10.14\lib\ant-commons-logging.jar;C:\apache-ant-1.10.14\lib\ant-commons-net.jar;C:\apache-ant-1.10.14\lib\ant-imageio.jar;C:\apache-ant-1.10.14\lib\ant-jai.jar;C:\apache-ant-1.10.14\lib\ant-jakartamail.jar;C:\apache-ant-1.10.14\lib\ant-javamail.jar;C:\apache-ant-1.10.14\lib\ant-jdepend.jar;C:\apache-ant-1.10.14\lib\ant-jmf.jar;C:\apache-ant-1.10.14\lib\ant-jsch.jar;C:\apache-ant-1.10.14\lib\ant-junit.jar;C:\apache-ant-1.10.14\lib\ant-junit4.jar;C:\apache-ant-1.10.14\lib\ant-junitlauncher.jar;C:\apache-ant-1.10.14\lib\ant-launcher.jar;C:\apache-ant-1.10.14\lib\ant-netrexx.jar;C:\apache-ant-1.10.14\lib\ant-swing.jar;C:\apache-ant-1.10.14\lib\ant-testutil.jar;C:\apache-ant-1.10.14\lib\ant-xz.jar;C:\apache-ant-1.10.14\lib\ant.jar"></property><property name="java.vm.vendor" value="Oracle Corporation"></property><property name="sun.arch.data.model" value="64"></property><property name="user.variant" value=""></property><property name="dir.src.test" value="src/test"></property><property name="ant.file.lab3" value="C:\Users\stepa\IdeaProjects\lab3web\build.xml"></property><property name="java.vendor.url" value="https://java.oracle.com/"></property><property name="dir.class" value="build/classes"></property><property name="os.name" value="Windows 11"></property><property name="java.vm.specification.version" value="17"></property><property name="user.country" value="RU"></property><property name="sun.java.launcher" value="SUN_STANDARD"></property><property name="sun.boot.library.path" value="C:\Program Files (x86)\Java\jdk-17.0.4\bin"></property><property name="sun.java.command" value="org.apache.tools.ant.launch.Launcher test"></property><property name="jdk.debug" value="release"></property><property name="dir.src.java" value="src/main/java"></property><property name="dir.dependencies" value="libs"></property><property name="sun.cpu.endian" value="little"></property><property name="user.home" value="C:\Users\stepa"></property><property name="user.language" value="ru"></property><property name="sun.stderr.encoding" value="cp866"></property><property name="java.specification.vendor" value="Oracle Corporation"></property><property name="dir.war.content" value="build/my-1.0"></property><property name="java.version.date" value="2022-07-19"></property><property name="project.version" value="1.0"></property><property name="java.home" value="C:\Program Files (x86)\Java\jdk-17.0.4"></property><property name="manifest.version" value="1.0"></property><property name="basedir" value="C:\Users\stepa\IdeaProjects\lab3web"></property><property name="file.separator" value="\"></property><property name="dir.war.content.webinf" value="build/my-1.0/WEB-INF"></property><property name="java.vm.compressedOopsMode" value="Zero based"></property><property name="line.separator" value="
"></property><property name="sun.stdout.encoding" value="cp866"></property><property name="ant.java.version" value="17"></property><property name="java.vm.specification.vendor" value="Oracle Corporation"></property><property name="java.specification.name" value="Java Platform API Specification"></property><property name="file.jar" value="build/my.jar"></property><property name="dir.test.output" value="output"></property><property name="user.script" value=""></property><property name="sun.management.compiler" value="HotSpot 64-Bit Tiered Compilers"></property><property name="java.runtime.version" value="17.0.4+11-LTS-179"></property><property name="user.name" value="stepa"></property><property name="ant.file" value="C:\Users\stepa\IdeaProjects\lab3web\build.xml"></property><property name="docs.jar" value="docs.jar"></property><property name="path.separator" value=";"></property><property name="os.version" value="10.0"></property><property name="java.runtime.name" value="Java(TM) SE Runtime Environment"></property><property name="dir.war.lib" value="build/my-1.0/WEB-INF/lib"></property><property name="file.encoding" value="Cp1251"></property><property name="file.webxml" value="build/my-1.0/WEB-INF/web.xml"></property><property name="dir.src.webapp" value="src/main/webapp"></property><property name="ant.project.invoked-targets" value="test"></property><property name="dir.src.res" value="src/main/resources"></property><property name="java.vm.name" value="Java HotSpot(TM) 64-Bit Server VM"></property><property name="dir.bin" value="bin"></property><property name="dir.docs" value="docs"></property><property name="ant.core.lib" value="C:\apache-ant-1.10.14\lib\ant.jar"></property><property name="dir.meta" value="META-INF"></property><property name="file.war" value="build/my.war"></property><property name="java.vendor.url.bug" value="https://bugreport.java.com/bugreport/"></property><property name="java.io.tmpdir" value="C:\Users\stepa\AppData\Local\Temp\"></property><property name="java.version" value="17.0.4"></property><property name="user.dir" value="C:\Users\stepa\IdeaProjects\lab3web"></property><property name="os.arch" value="amd64"></property><property name="file.name" value="my"></property><property name="java.vm.specification.name" value="Java Virtual Machine Specification"></property><property name="ant.home" value="C:\apache-ant-1.10.14"></property><property name="ant.file.type.lab3" value="file"></property><property name="sun.os.patch.level" value=""></property><property name="native.encoding" value="Cp1251"></property><property name="ant.version" value="Apache Ant(TM) version 1.10.14 compiled on August 16 2023"></property><property name="java.library.path" value="C:\Program Files (x86)\Java\jdk-17.0.4\bin;C:\WINDOWS\Sun\Java\bin;C:\WINDOWS\system32;C:\WINDOWS;C:\Program Files\Common Files\Oracle\Java\javapath;C:\Program Files (x86)\Common Files\Oracle\Java\java8path;C:\Program Files (x86)\Common Files\Oracle\Java\javapath;C:\Windows\system32;C:\Windows;C:\Windows\System32\Wbem;C:\Windows\System32\WindowsPowerShell\v1.0\;C:\Windows\System32\OpenSSH\;C:\Program Files (x86)\NVIDIA Corporation\PhysX\Common;C:\Program Files\NVIDIA Corporation\NVIDIA NvDLISR;C:\Program Files\Git\cmd;C:\WINDOWS\system32;C:\WINDOWS;C:\WINDOWS\System32\Wbem;C:\WINDOWS\System32\WindowsPowerShell\v1.0\;C:\WINDOWS\System32\OpenSSH\;C:\Program Files\Docker\Docker\resources\bin;C:\apache-ant-1.10.14\bin;C:\Users\stepa\AppData\Local\Programs\Python\Python310\Scripts\;C:\Users\stepa\AppData\Local\Programs\Python\Python310\;C:\Users\stepa\AppData\Local\Microsoft\WindowsApps;C:\Program Files\JetBrains\IntelliJ IDEA Community Edition 2022.2\bin;;C:\Program Files (x86)\Java\jdk-17.0.4\bin;C:\Program Files\JetBrains\IntelliJ IDEA 2023.2.5\bin;;C:\Program Files\JetBrains\PyCharm 2024.1\bin;;C:\Users\stepa\AppData\Local\Programs\MiKTeX\miktex\bin\x64\;C:\Program Files\JetBrains\DataGrip 2022.3.3\bin;;C:\Program Files\JetBrains\CLion 2023.2.2\bin;;C:\Users\stepa\AppData\Local\Programs\Microsoft VS Code\bin;C:\msys64\ucrt64\bin;;C:\ghcup\bin;."></property><property name="java.vendor" value="Oracle Corporation"></property><property name="java.vm.info" value="mixed mode, sharing"></property><property name="java.vm.version" value="17.0.4+11-LTS-179"></property><property name="sun.io.unicode.encoding" value="UnicodeLittle"></property><property name="dir.src" value="src/main"></property><property name="dir.build" value="build"></property><property name="file.manifest" value="MANIFEST.MF"></property><property name="java.class.version" value="61.0"></property><property name="ant.project.default-target" value="all"></property></properties><testcase classname="me.sterus.lab3web.HitsBeanTests" name="testEdges1quarter()" time="0.0"></testcase><testcase classname="me.sterus.lab3web.HitsBeanTests" name="testNoHit2quarter()" time="0.001"></testcase><testcase classname="me.sterus.lab3web.HitsBeanTests" name="testEdges2quarter(double, double)[2]" time="0.0"></testcase><testcase classname="me.sterus.lab3web.HitsBeanTests" name="testEdges2quarter(double, double)[1]" time="0.0"></testcase><testcase classname="me.sterus.lab3web.HitsBeanTests" name="infinities()" time="0.002"></testcase><testcase classname="me.sterus.lab3web.HitsBeanTests" name="testEdges2quarter(double, double)[4]" time="0.0"></testcase><testcase classname="me.sterus.lab3web.HitsBeanTests" name="testEdges2quarter(double, double)[3]" time="0.0"></testcase><testcase classname="me.sterus.lab3web.HitsBeanTests" name="testNoHit4quarter()" time="0.0"></testcase><testcase classname="me.sterus.lab3web.HitsBeanTests" name="testHit3quarter()" time="0.001"></testcase><testcase classname="me.sterus.lab3web.HitsBeanTests" name="testNoHit1quarter()" time="0.025"></testcase><testcase classname="me.sterus.lab3web.HitsBeanTests" name="notANumber()" time="0.001"></testcase><testcase classname="me.sterus.lab3web.HitsBeanTests" name="testEdges4quarter(double, double)[4]" time="0.0"></testcase><testcase classname="me.sterus.lab3web.HitsBeanTests" name="testEdges4quarter(double, double)[3]" time="0.0"></testcase><testcase classname="me.sterus.lab3web.HitsBeanTests" name="testNoHit3quarter()" time="0.001"></testcase><testcase classname="me.sterus.lab3web.HitsBeanTests" name="testEdges4quarter(double, double)[6]" time="0.001"></testcase><testcase classname="me.sterus.lab3web.HitsBeanTests" name="testEdges4quarter(double, double)[5]" time="0.001"></testcase><testcase classname="me.sterus.lab3web.HitsBeanTests" name="negativeRadius()" time="0.0"></testcase><testcase classname="me.sterus.lab3web.HitsBeanTests" name="testHit2quarter()" time="0.0"></testcase><testcase classname="me.sterus.lab3web.HitsBeanTests" name="testEdges4quarter(double, double)[2]" time="0.0"></testcase><testcase classname="me.sterus.lab3web.HitsBeanTests" name="testEdges4quarter(double, double)[1]" time="0.022"></testcase><testcase classname="me.sterus.lab3web.HitsBeanTests" name="testEdges3quarter(double, double)[5]" time="0.001"></testcase><testcase classname="me.sterus.lab3web.HitsBeanTests" name="testHit4quarter()" time="0.0"></testcase><testcase classname="me.sterus.lab3web.HitsBeanTests" name="testEdges3quarter(double, double)[4]" time="0.0"></testcase><testcase classname="me.sterus.lab3web.HitsBeanTests" name="testEdges3quarter(double, double)[7]" time="0.0"></testcase><testcase classname="me.sterus.lab3web.HitsBeanTests" name="testEdges3quarter(double, double)[6]" time="0.0"></testcase><testcase classname="me.sterus.lab3web.HitsBeanTests" name="testEdges3quarter(double, double)[8]" time="0.0"></testcase><testcase classname="me.sterus.lab3web.HitsBeanTests" name="testEdges3quarter(double, double)[1]" time="0.0"></testcase><testcase classname="me.sterus.lab3web.HitsBeanTests" name="testEdges3quarter(double, double)[3]" time="0.0"></testcase><testcase classname="me.sterus.lab3web.HitsBeanTests" name="testEdges3quarter(double, double)[2]" time="0.002"></testcase></testsuite>